2026-05-16 09:17:48 [main] INFO  c.c.I.a.ApiGatewayApplication - Starting ApiGatewayApplication using Java 21.0.9 with PID 25440 (E:\backend-projects\intelligent-supply-chain\api-gateway\target\classes started by HP in E:\backend-projects\intelligent-supply-chain)
2026-05-16 09:17:48 [main] INFO  c.c.I.a.ApiGatewayApplication - No active profile set, falling back to 1 default profile: "default"
2026-05-16 09:17:49 [main] INFO  o.s.cloud.context.scope.GenericScope - BeanFactory id=9961fcd2-2190-3bb2-8e49-bf495e97dfbc
2026-05-16 09:17:49 [main] INFO  o.s.b.a.s.r.ReactiveUserDetailsServiceAutoConfiguration - 

Using generated security password: 76a6f25a-7881-4072-8d7e-35280dd8c624

2026-05-16 09:17:51 [main] INFO  o.s.cloud.commons.util.InetUtils - Cannot determine local hostname
2026-05-16 09:17:51 [main] INFO  o.s.c.g.r.RouteDefinitionRouteLocator - Loaded RoutePredicateFactory [After]
2026-05-16 09:17:51 [main] INFO  o.s.c.g.r.RouteDefinitionRouteLocator - Loaded RoutePredicateFactory [Before]
2026-05-16 09:17:51 [main] INFO  o.s.c.g.r.RouteDefinitionRouteLocator - Loaded RoutePredicateFactory [Between]
2026-05-16 09:17:51 [main] INFO  o.s.c.g.r.RouteDefinitionRouteLocator - Loaded RoutePredicateFactory [Cookie]
2026-05-16 09:17:51 [main] INFO  o.s.c.g.r.RouteDefinitionRouteLocator - Loaded RoutePredicateFactory [Header]
2026-05-16 09:17:51 [main] INFO  o.s.c.g.r.RouteDefinitionRouteLocator - Loaded RoutePredicateFactory [Host]
2026-05-16 09:17:51 [main] INFO  o.s.c.g.r.RouteDefinitionRouteLocator - Loaded RoutePredicateFactory [Method]
2026-05-16 09:17:51 [main] INFO  o.s.c.g.r.RouteDefinitionRouteLocator - Loaded RoutePredicateFactory [Path]
2026-05-16 09:17:51 [main] INFO  o.s.c.g.r.RouteDefinitionRouteLocator - Loaded RoutePredicateFactory [Query]
2026-05-16 09:17:51 [main] INFO  o.s.c.g.r.RouteDefinitionRouteLocator - Loaded RoutePredicateFactory [ReadBody]
2026-05-16 09:17:51 [main] INFO  o.s.c.g.r.RouteDefinitionRouteLocator - Loaded RoutePredicateFactory [RemoteAddr]
2026-05-16 09:17:51 [main] INFO  o.s.c.g.r.RouteDefinitionRouteLocator - Loaded RoutePredicateFactory [XForwardedRemoteAddr]
2026-05-16 09:17:51 [main] INFO  o.s.c.g.r.RouteDefinitionRouteLocator - Loaded RoutePredicateFactory [Weight]
2026-05-16 09:17:51 [main] INFO  o.s.c.g.r.RouteDefinitionRouteLocator - Loaded RoutePredicateFactory [CloudFoundryRouteService]
2026-05-16 09:17:52 [main] INFO  o.s.cloud.commons.util.InetUtils - Cannot determine local hostname
2026-05-16 09:17:53 [main] INFO  o.s.cloud.commons.util.InetUtils - Cannot determine local hostname
2026-05-16 09:17:53 [main] INFO  o.s.b.a.e.web.EndpointLinksResolver - Exposing 4 endpoints beneath base path '/actuator'
2026-05-16 09:17:53 [main] INFO  o.s.c.n.e.c.DiscoveryClientOptionalArgsConfiguration - Eureka HTTP Client uses RestTemplate.
2026-05-16 09:17:53 [main] WARN  o.s.c.l.c.LoadBalancerCacheAutoConfiguration$LoadBalancerCaffeineWarnLogger - Spring Cloud LoadBalancer is currently working with the default cache. While this cache implementation is useful for development and tests, it's recommended to use Caffeine cache in production.You can switch to using Caffeine cache, by adding it and org.springframework.cache.caffeine.CaffeineCacheManager to the classpath.
2026-05-16 09:17:53 [main] INFO  o.s.c.n.eureka.InstanceInfoFactory - Setting initial instance status as: STARTING
2026-05-16 09:17:53 [main] INFO  c.netflix.discovery.DiscoveryClient - Initializing Eureka in region us-east-1
2026-05-16 09:17:53 [main] INFO  c.n.d.s.r.aws.ConfigClusterResolver - Resolving eureka endpoints via configuration
2026-05-16 09:17:53 [main] INFO  c.netflix.discovery.DiscoveryClient - Disable delta property : false
2026-05-16 09:17:53 [main] INFO  c.netflix.discovery.DiscoveryClient - Single vip registry refresh property : null
2026-05-16 09:17:53 [main] INFO  c.netflix.discovery.DiscoveryClient - Force full registry fetch : false
2026-05-16 09:17:53 [main] INFO  c.netflix.discovery.DiscoveryClient - Application is null : false
2026-05-16 09:17:53 [main] INFO  c.netflix.discovery.DiscoveryClient - Registered Applications size is zero : true
2026-05-16 09:17:53 [main] INFO  c.netflix.discovery.DiscoveryClient - Application version is -1: true
2026-05-16 09:17:53 [main] INFO  c.netflix.discovery.DiscoveryClient - Getting all instance registry info from the eureka server
2026-05-16 09:17:54 [main] INFO  c.netflix.discovery.DiscoveryClient - The response status is 200
2026-05-16 09:17:54 [main] INFO  c.netflix.discovery.DiscoveryClient - Starting heartbeat executor: renew interval is: 30
2026-05-16 09:17:54 [main] INFO  c.n.discovery.InstanceInfoReplicator - InstanceInfoReplicator onDemand update allowed rate per min is 4
2026-05-16 09:17:54 [main] INFO  c.netflix.discovery.DiscoveryClient - Discovery Client initialized at timestamp 1778903274216 with initial instances count: 2
2026-05-16 09:17:54 [main] INFO  o.s.c.n.e.s.EurekaServiceRegistry - Registering application API-GATEWAY with eureka with status UP
2026-05-16 09:17:54 [main] INFO  c.netflix.discovery.DiscoveryClient - Saw local status change event StatusChangeEvent [timestamp=1778903274219, current=UP, previous=STARTING]
2026-05-16 09:17:54 [DiscoveryClient-InstanceInfoReplicator-%d] INFO  c.netflix.discovery.DiscoveryClient - DiscoveryClient_API-GATEWAY/localhost:api-gateway:8081: registering service...
2026-05-16 09:17:54 [DiscoveryClient-InstanceInfoReplicator-%d] INFO  c.netflix.discovery.DiscoveryClient - DiscoveryClient_API-GATEWAY/localhost:api-gateway:8081 - registration status: 204
2026-05-16 09:17:54 [main] INFO  o.s.b.w.e.netty.NettyWebServer - Netty started on port 8081 (http)
2026-05-16 09:17:54 [main] INFO  o.s.c.n.e.s.EurekaAutoServiceRegistration - Updating port to 8081
2026-05-16 09:17:55 [main] INFO  o.s.cloud.commons.util.InetUtils - Cannot determine local hostname
2026-05-16 09:17:56 [main] INFO  o.s.cloud.commons.util.InetUtils - Cannot determine local hostname
2026-05-16 09:17:56 [main] INFO  c.c.I.a.ApiGatewayApplication - Started ApiGatewayApplication in 9.613 seconds (process running for 10.169)
