2026-05-17 03:06:35 [org.springframework.kafka.KafkaListenerEndpointContainer#1-0-C-1] INFO  o.apache.kafka.clients.NetworkClient - [Consumer clientId=consumer-inventory-release-group-3, groupId=inventory-release-group] Node 1 disconnected.
2026-05-17 03:06:35 [org.springframework.kafka.KafkaListenerEndpointContainer#0-0-C-1] INFO  o.apache.kafka.clients.NetworkClient - [Consumer clientId=consumer-inventory-group-2, groupId=inventory-group] Node 2147483646 disconnected.
2026-05-17 03:06:35 [org.springframework.kafka.KafkaListenerEndpointContainer#2-0-C-1] INFO  o.apache.kafka.clients.NetworkClient - [Consumer clientId=consumer-inventory-refund-group-1, groupId=inventory-refund-group] Node 2147483646 disconnected.
2026-05-17 03:06:35 [org.springframework.kafka.KafkaListenerEndpointContainer#1-0-C-1] INFO  o.apache.kafka.clients.NetworkClient - [Consumer clientId=consumer-inventory-release-group-3, groupId=inventory-release-group] Cancelled in-flight FETCH request with correlation id 41547 due to node 1 being disconnected (elapsed time since creation: 16164668ms, elapsed time since send: 16164668ms, throttle time: 0ms, request timeout: 30000ms)
2026-05-17 03:06:35 [kafka-coordinator-heartbeat-thread | inventory-refund-group] INFO  o.a.k.c.c.i.ConsumerCoordinator - [Consumer clientId=consumer-inventory-refund-group-1, groupId=inventory-refund-group] Group coordinator localhost:9092 (id: 2147483646 rack: null) is unavailable or invalid due to cause: coordinator unavailable. isDisconnected: true. Rediscovery will be attempted.
2026-05-17 03:06:35 [kafka-coordinator-heartbeat-thread | inventory-group] INFO  o.a.k.c.c.i.ConsumerCoordinator - [Consumer clientId=consumer-inventory-group-2, groupId=inventory-group] Group coordinator localhost:9092 (id: 2147483646 rack: null) is unavailable or invalid due to cause: coordinator unavailable. isDisconnected: true. Rediscovery will be attempted.
2026-05-17 03:06:35 [kafka-coordinator-heartbeat-thread | inventory-release-group] INFO  o.a.k.clients.FetchSessionHandler - [Consumer clientId=consumer-inventory-release-group-3, groupId=inventory-release-group] Error sending fetch request (sessionId=638734741, epoch=35179) to node 1:
org.apache.kafka.common.errors.DisconnectException: null
2026-05-17 03:06:35 [kafka-coordinator-heartbeat-thread | inventory-release-group] INFO  o.a.k.c.c.i.ConsumerCoordinator - [Consumer clientId=consumer-inventory-release-group-3, groupId=inventory-release-group] Group coordinator localhost:9092 (id: 2147483646 rack: null) is unavailable or invalid due to cause: session timed out without receiving a heartbeat response. isDisconnected: false. Rediscovery will be attempted.
2026-05-17 03:06:35 [kafka-coordinator-heartbeat-thread | inventory-release-group] INFO  o.a.k.c.c.i.ConsumerCoordinator - [Consumer clientId=consumer-inventory-release-group-3, groupId=inventory-release-group] Requesting disconnect from last known coordinator localhost:9092 (id: 2147483646 rack: null)
2026-05-17 03:06:35 [kafka-coordinator-heartbeat-thread | inventory-release-group] INFO  o.apache.kafka.clients.NetworkClient - [Consumer clientId=consumer-inventory-release-group-3, groupId=inventory-release-group] Client requested disconnect from node 2147483646
2026-05-17 03:06:35 [org.springframework.kafka.KafkaListenerEndpointContainer#2-0-C-1] INFO  o.a.k.c.c.i.ConsumerCoordinator - [Consumer clientId=consumer-inventory-refund-group-1, groupId=inventory-refund-group] Discovered group coordinator localhost:9092 (id: 2147483646 rack: null)
2026-05-17 03:06:36 [org.springframework.kafka.KafkaListenerEndpointContainer#0-0-C-1] INFO  o.a.k.c.c.i.ConsumerCoordinator - [Consumer clientId=consumer-inventory-group-2, groupId=inventory-group] Discovered group coordinator localhost:9092 (id: 2147483646 rack: null)
2026-05-17 03:06:36 [org.springframework.kafka.KafkaListenerEndpointContainer#1-0-C-1] INFO  o.a.k.c.c.i.ConsumerCoordinator - [Consumer clientId=consumer-inventory-release-group-3, groupId=inventory-release-group] Discovered group coordinator localhost:9092 (id: 2147483646 rack: null)
2026-05-17 06:51:46 [org.springframework.kafka.KafkaListenerEndpointContainer#2-0-C-1] INFO  o.apache.kafka.clients.NetworkClient - [Consumer clientId=consumer-inventory-refund-group-1, groupId=inventory-refund-group] Node 2147483646 disconnected.
2026-05-17 06:51:46 [org.springframework.kafka.KafkaListenerEndpointContainer#0-0-C-1] INFO  o.apache.kafka.clients.NetworkClient - [Consumer clientId=consumer-inventory-group-2, groupId=inventory-group] Node 2147483646 disconnected.
2026-05-17 06:51:46 [org.springframework.kafka.KafkaListenerEndpointContainer#1-0-C-1] INFO  o.apache.kafka.clients.NetworkClient - [Consumer clientId=consumer-inventory-release-group-3, groupId=inventory-release-group] Node 2147483646 disconnected.
2026-05-17 06:51:46 [kafka-coordinator-heartbeat-thread | inventory-group] INFO  o.a.k.c.c.i.ConsumerCoordinator - [Consumer clientId=consumer-inventory-group-2, groupId=inventory-group] Group coordinator localhost:9092 (id: 2147483646 rack: null) is unavailable or invalid due to cause: coordinator unavailable. isDisconnected: true. Rediscovery will be attempted.
2026-05-17 06:51:46 [kafka-coordinator-heartbeat-thread | inventory-refund-group] INFO  o.a.k.c.c.i.ConsumerCoordinator - [Consumer clientId=consumer-inventory-refund-group-1, groupId=inventory-refund-group] Group coordinator localhost:9092 (id: 2147483646 rack: null) is unavailable or invalid due to cause: coordinator unavailable. isDisconnected: true. Rediscovery will be attempted.
2026-05-17 06:51:46 [kafka-coordinator-heartbeat-thread | inventory-release-group] INFO  o.a.k.c.c.i.ConsumerCoordinator - [Consumer clientId=consumer-inventory-release-group-3, groupId=inventory-release-group] Group coordinator localhost:9092 (id: 2147483646 rack: null) is unavailable or invalid due to cause: coordinator unavailable. isDisconnected: true. Rediscovery will be attempted.
2026-05-17 06:51:47 [org.springframework.kafka.KafkaListenerEndpointContainer#0-0-C-1] INFO  o.a.k.c.c.i.ConsumerCoordinator - [Consumer clientId=consumer-inventory-group-2, groupId=inventory-group] Discovered group coordinator localhost:9092 (id: 2147483646 rack: null)
2026-05-17 06:51:47 [org.springframework.kafka.KafkaListenerEndpointContainer#2-0-C-1] INFO  o.a.k.c.c.i.ConsumerCoordinator - [Consumer clientId=consumer-inventory-refund-group-1, groupId=inventory-refund-group] Discovered group coordinator localhost:9092 (id: 2147483646 rack: null)
2026-05-17 06:51:47 [org.springframework.kafka.KafkaListenerEndpointContainer#1-0-C-1] INFO  o.a.k.c.c.i.ConsumerCoordinator - [Consumer clientId=consumer-inventory-release-group-3, groupId=inventory-release-group] Discovered group coordinator localhost:9092 (id: 2147483646 rack: null)
2026-05-17 06:51:50 [HikariPool-1 housekeeper] WARN  com.zaxxer.hikari.pool.HikariPool - HikariPool-1 - Thread starvation or clock leap detected (housekeeper delta=8h14m59s106ms541µs).
2026-05-17 06:55:51 [AsyncResolver-bootstrap-executor-%d] INFO  c.n.d.s.r.aws.ConfigClusterResolver - Resolving eureka endpoints via configuration
2026-05-17 07:00:51 [AsyncResolver-bootstrap-executor-%d] INFO  c.n.d.s.r.aws.ConfigClusterResolver - Resolving eureka endpoints via configuration
2026-05-17 07:05:51 [AsyncResolver-bootstrap-executor-%d] INFO  c.n.d.s.r.aws.ConfigClusterResolver - Resolving eureka endpoints via configuration
