2026-05-17 03:06:35 [org.springframework.kafka.KafkaListenerEndpointContainer#1-0-C-1] INFO  o.apache.kafka.clients.NetworkClient - [Consumer clientId=consumer-order-payment-group-3, groupId=order-payment-group] Node 2147483646 disconnected.
2026-05-17 03:06:35 [org.springframework.kafka.KafkaListenerEndpointContainer#0-0-C-1] INFO  o.apache.kafka.clients.NetworkClient - [Consumer clientId=consumer-order-return-group-2, groupId=order-return-group] Node 2147483646 disconnected.
2026-05-17 03:06:35 [org.springframework.kafka.KafkaListenerEndpointContainer#2-0-C-1] INFO  o.apache.kafka.clients.NetworkClient - [Consumer clientId=consumer-order-shipment-group-1, groupId=order-shipment-group] Node 1 disconnected.
2026-05-17 03:06:35 [kafka-coordinator-heartbeat-thread | order-return-group] INFO  o.a.k.c.c.i.ConsumerCoordinator - [Consumer clientId=consumer-order-return-group-2, groupId=order-return-group] Group coordinator localhost:9092 (id: 2147483646 rack: null) is unavailable or invalid due to cause: coordinator unavailable. isDisconnected: true. Rediscovery will be attempted.
2026-05-17 03:06:35 [kafka-coordinator-heartbeat-thread | order-payment-group] INFO  o.a.k.c.c.i.ConsumerCoordinator - [Consumer clientId=consumer-order-payment-group-3, groupId=order-payment-group] Group coordinator localhost:9092 (id: 2147483646 rack: null) is unavailable or invalid due to cause: coordinator unavailable. isDisconnected: true. Rediscovery will be attempted.
2026-05-17 03:06:35 [org.springframework.kafka.KafkaListenerEndpointContainer#2-0-C-1] INFO  o.apache.kafka.clients.NetworkClient - [Consumer clientId=consumer-order-shipment-group-1, groupId=order-shipment-group] Cancelled in-flight FETCH request with correlation id 41532 due to node 1 being disconnected (elapsed time since creation: 16164670ms, elapsed time since send: 16164670ms, throttle time: 0ms, request timeout: 30000ms)
2026-05-17 03:06:35 [kafka-coordinator-heartbeat-thread | order-shipment-group] INFO  o.a.k.clients.FetchSessionHandler - [Consumer clientId=consumer-order-shipment-group-1, groupId=order-shipment-group] Error sending fetch request (sessionId=570395880, epoch=35166) to node 1:
org.apache.kafka.common.errors.DisconnectException: null
2026-05-17 03:06:35 [kafka-coordinator-heartbeat-thread | order-shipment-group] INFO  o.a.k.c.c.i.ConsumerCoordinator - [Consumer clientId=consumer-order-shipment-group-1, groupId=order-shipment-group] Group coordinator localhost:9092 (id: 2147483646 rack: null) is unavailable or invalid due to cause: session timed out without receiving a heartbeat response. isDisconnected: false. Rediscovery will be attempted.
2026-05-17 03:06:35 [kafka-coordinator-heartbeat-thread | order-shipment-group] INFO  o.a.k.c.c.i.ConsumerCoordinator - [Consumer clientId=consumer-order-shipment-group-1, groupId=order-shipment-group] Requesting disconnect from last known coordinator localhost:9092 (id: 2147483646 rack: null)
2026-05-17 03:06:35 [kafka-coordinator-heartbeat-thread | order-shipment-group] INFO  o.apache.kafka.clients.NetworkClient - [Consumer clientId=consumer-order-shipment-group-1, groupId=order-shipment-group] Client requested disconnect from node 2147483646
2026-05-17 03:06:35 [org.springframework.kafka.KafkaListenerEndpointContainer#0-0-C-1] INFO  o.a.k.c.c.i.ConsumerCoordinator - [Consumer clientId=consumer-order-return-group-2, groupId=order-return-group] Discovered group coordinator localhost:9092 (id: 2147483646 rack: null)
2026-05-17 03:06:35 [org.springframework.kafka.KafkaListenerEndpointContainer#1-0-C-1] INFO  o.a.k.c.c.i.ConsumerCoordinator - [Consumer clientId=consumer-order-payment-group-3, groupId=order-payment-group] Discovered group coordinator localhost:9092 (id: 2147483646 rack: null)
2026-05-17 03:06:36 [org.springframework.kafka.KafkaListenerEndpointContainer#2-0-C-1] INFO  o.a.k.c.c.i.ConsumerCoordinator - [Consumer clientId=consumer-order-shipment-group-1, groupId=order-shipment-group] Discovered group coordinator localhost:9092 (id: 2147483646 rack: null)
2026-05-17 06:51:46 [org.springframework.kafka.KafkaListenerEndpointContainer#2-0-C-1] INFO  o.apache.kafka.clients.NetworkClient - [Consumer clientId=consumer-order-shipment-group-1, groupId=order-shipment-group] Node 2147483646 disconnected.
2026-05-17 06:51:46 [kafka-coordinator-heartbeat-thread | order-shipment-group] INFO  o.a.k.c.c.i.ConsumerCoordinator - [Consumer clientId=consumer-order-shipment-group-1, groupId=order-shipment-group] Group coordinator localhost:9092 (id: 2147483646 rack: null) is unavailable or invalid due to cause: coordinator unavailable. isDisconnected: true. Rediscovery will be attempted.
2026-05-17 06:51:47 [org.springframework.kafka.KafkaListenerEndpointContainer#2-0-C-1] INFO  o.a.k.c.c.i.ConsumerCoordinator - [Consumer clientId=consumer-order-shipment-group-1, groupId=order-shipment-group] Discovered group coordinator localhost:9092 (id: 2147483646 rack: null)
2026-05-17 06:51:47 [org.springframework.kafka.KafkaListenerEndpointContainer#0-0-C-1] INFO  o.apache.kafka.clients.NetworkClient - [Consumer clientId=consumer-order-return-group-2, groupId=order-return-group] Node 2147483646 disconnected.
2026-05-17 06:51:47 [kafka-coordinator-heartbeat-thread | order-return-group] INFO  o.a.k.c.c.i.ConsumerCoordinator - [Consumer clientId=consumer-order-return-group-2, groupId=order-return-group] Group coordinator localhost:9092 (id: 2147483646 rack: null) is unavailable or invalid due to cause: coordinator unavailable. isDisconnected: true. Rediscovery will be attempted.
2026-05-17 06:51:47 [org.springframework.kafka.KafkaListenerEndpointContainer#1-0-C-1] INFO  o.apache.kafka.clients.NetworkClient - [Consumer clientId=consumer-order-payment-group-3, groupId=order-payment-group] Node 2147483646 disconnected.
2026-05-17 06:51:47 [kafka-coordinator-heartbeat-thread | order-payment-group] INFO  o.a.k.c.c.i.ConsumerCoordinator - [Consumer clientId=consumer-order-payment-group-3, groupId=order-payment-group] Group coordinator localhost:9092 (id: 2147483646 rack: null) is unavailable or invalid due to cause: coordinator unavailable. isDisconnected: true. Rediscovery will be attempted.
2026-05-17 06:51:47 [org.springframework.kafka.KafkaListenerEndpointContainer#0-0-C-1] INFO  o.a.k.c.c.i.ConsumerCoordinator - [Consumer clientId=consumer-order-return-group-2, groupId=order-return-group] Discovered group coordinator localhost:9092 (id: 2147483646 rack: null)
2026-05-17 06:51:47 [org.springframework.kafka.KafkaListenerEndpointContainer#1-0-C-1] INFO  o.a.k.c.c.i.ConsumerCoordinator - [Consumer clientId=consumer-order-payment-group-3, groupId=order-payment-group] Discovered group coordinator localhost:9092 (id: 2147483646 rack: null)
2026-05-17 06:51:47 [org.springframework.kafka.KafkaListenerEndpointContainer#0-0-C-1] INFO  o.a.k.c.c.i.ConsumerCoordinator - [Consumer clientId=consumer-order-return-group-2, groupId=order-return-group] Group coordinator localhost:9092 (id: 2147483646 rack: null) is unavailable or invalid due to cause: coordinator unavailable. isDisconnected: false. Rediscovery will be attempted.
2026-05-17 06:51:47 [org.springframework.kafka.KafkaListenerEndpointContainer#0-0-C-1] INFO  o.a.k.c.c.i.ConsumerCoordinator - [Consumer clientId=consumer-order-return-group-2, groupId=order-return-group] Requesting disconnect from last known coordinator localhost:9092 (id: 2147483646 rack: null)
2026-05-17 06:51:47 [org.springframework.kafka.KafkaListenerEndpointContainer#1-0-C-1] INFO  o.a.k.c.c.i.ConsumerCoordinator - [Consumer clientId=consumer-order-payment-group-3, groupId=order-payment-group] Group coordinator localhost:9092 (id: 2147483646 rack: null) is unavailable or invalid due to cause: coordinator unavailable. isDisconnected: false. Rediscovery will be attempted.
2026-05-17 06:51:47 [org.springframework.kafka.KafkaListenerEndpointContainer#1-0-C-1] INFO  o.a.k.c.c.i.ConsumerCoordinator - [Consumer clientId=consumer-order-payment-group-3, groupId=order-payment-group] Requesting disconnect from last known coordinator localhost:9092 (id: 2147483646 rack: null)
2026-05-17 06:51:47 [org.springframework.kafka.KafkaListenerEndpointContainer#1-0-C-1] INFO  o.a.k.c.c.i.ConsumerCoordinator - [Consumer clientId=consumer-order-payment-group-3, groupId=order-payment-group] Discovered group coordinator localhost:9092 (id: 2147483646 rack: null)
2026-05-17 06:51:47 [org.springframework.kafka.KafkaListenerEndpointContainer#0-0-C-1] INFO  o.a.k.c.c.i.ConsumerCoordinator - [Consumer clientId=consumer-order-return-group-2, groupId=order-return-group] Discovered group coordinator localhost:9092 (id: 2147483646 rack: null)
2026-05-17 06:51:51 [HikariPool-1 housekeeper] WARN  com.zaxxer.hikari.pool.HikariPool - HikariPool-1 - Thread starvation or clock leap detected (housekeeper delta=8h14m59s119ms820µs500ns).
2026-05-17 06:55:58 [AsyncResolver-bootstrap-executor-%d] INFO  c.n.d.s.r.aws.ConfigClusterResolver - Resolving eureka endpoints via configuration
2026-05-17 07:00:58 [AsyncResolver-bootstrap-executor-%d] INFO  c.n.d.s.r.aws.ConfigClusterResolver - Resolving eureka endpoints via configuration
2026-05-17 07:05:58 [AsyncResolver-bootstrap-executor-%d] INFO  c.n.d.s.r.aws.ConfigClusterResolver - Resolving eureka endpoints via configuration
