2026-05-17 03:06:35 [org.springframework.kafka.KafkaListenerEndpointContainer#0-0-C-1] INFO  o.apache.kafka.clients.NetworkClient - [Consumer clientId=consumer-payment-group-1, groupId=payment-group] Node 1 disconnected.
2026-05-17 03:06:35 [org.springframework.kafka.KafkaListenerEndpointContainer#1-0-C-1] INFO  o.apache.kafka.clients.NetworkClient - [Consumer clientId=consumer-payment-return-group-2, groupId=payment-return-group] Node 2147483646 disconnected.
2026-05-17 03:06:35 [kafka-coordinator-heartbeat-thread | payment-return-group] INFO  o.a.k.c.c.i.ConsumerCoordinator - [Consumer clientId=consumer-payment-return-group-2, groupId=payment-return-group] Group coordinator localhost:9092 (id: 2147483646 rack: null) is unavailable or invalid due to cause: coordinator unavailable. isDisconnected: true. Rediscovery will be attempted.
2026-05-17 03:06:35 [org.springframework.kafka.KafkaListenerEndpointContainer#0-0-C-1] INFO  o.apache.kafka.clients.NetworkClient - [Consumer clientId=consumer-payment-group-1, groupId=payment-group] Cancelled in-flight FETCH request with correlation id 41537 due to node 1 being disconnected (elapsed time since creation: 16164668ms, elapsed time since send: 16164668ms, throttle time: 0ms, request timeout: 30000ms)
2026-05-17 03:06:35 [kafka-coordinator-heartbeat-thread | payment-group] INFO  o.a.k.clients.FetchSessionHandler - [Consumer clientId=consumer-payment-group-1, groupId=payment-group] Error sending fetch request (sessionId=1058000368, epoch=35169) to node 1:
org.apache.kafka.common.errors.DisconnectException: null
2026-05-17 03:06:35 [kafka-coordinator-heartbeat-thread | payment-group] INFO  o.a.k.c.c.i.ConsumerCoordinator - [Consumer clientId=consumer-payment-group-1, groupId=payment-group] Group coordinator localhost:9092 (id: 2147483646 rack: null) is unavailable or invalid due to cause: session timed out without receiving a heartbeat response. isDisconnected: false. Rediscovery will be attempted.
2026-05-17 03:06:35 [kafka-coordinator-heartbeat-thread | payment-group] INFO  o.a.k.c.c.i.ConsumerCoordinator - [Consumer clientId=consumer-payment-group-1, groupId=payment-group] Requesting disconnect from last known coordinator localhost:9092 (id: 2147483646 rack: null)
2026-05-17 03:06:35 [kafka-coordinator-heartbeat-thread | payment-group] INFO  o.apache.kafka.clients.NetworkClient - [Consumer clientId=consumer-payment-group-1, groupId=payment-group] Client requested disconnect from node 2147483646
2026-05-17 03:06:35 [org.springframework.kafka.KafkaListenerEndpointContainer#1-0-C-1] INFO  o.a.k.c.c.i.ConsumerCoordinator - [Consumer clientId=consumer-payment-return-group-2, groupId=payment-return-group] Discovered group coordinator localhost:9092 (id: 2147483646 rack: null)
2026-05-17 03:06:36 [org.springframework.kafka.KafkaListenerEndpointContainer#0-0-C-1] INFO  o.a.k.c.c.i.ConsumerCoordinator - [Consumer clientId=consumer-payment-group-1, groupId=payment-group] Discovered group coordinator localhost:9092 (id: 2147483646 rack: null)
2026-05-17 06:51:47 [org.springframework.kafka.KafkaListenerEndpointContainer#1-0-C-1] INFO  o.apache.kafka.clients.NetworkClient - [Consumer clientId=consumer-payment-return-group-2, groupId=payment-return-group] Node 2147483646 disconnected.
2026-05-17 06:51:47 [kafka-coordinator-heartbeat-thread | payment-return-group] INFO  o.a.k.c.c.i.ConsumerCoordinator - [Consumer clientId=consumer-payment-return-group-2, groupId=payment-return-group] Group coordinator localhost:9092 (id: 2147483646 rack: null) is unavailable or invalid due to cause: coordinator unavailable. isDisconnected: true. Rediscovery will be attempted.
2026-05-17 06:51:47 [org.springframework.kafka.KafkaListenerEndpointContainer#1-0-C-1] INFO  o.a.k.c.c.i.ConsumerCoordinator - [Consumer clientId=consumer-payment-return-group-2, groupId=payment-return-group] Discovered group coordinator localhost:9092 (id: 2147483646 rack: null)
2026-05-17 06:51:47 [org.springframework.kafka.KafkaListenerEndpointContainer#1-0-C-1] INFO  o.a.k.c.c.i.ConsumerCoordinator - [Consumer clientId=consumer-payment-return-group-2, groupId=payment-return-group] Group coordinator localhost:9092 (id: 2147483646 rack: null) is unavailable or invalid due to cause: coordinator unavailable. isDisconnected: false. Rediscovery will be attempted.
2026-05-17 06:51:47 [org.springframework.kafka.KafkaListenerEndpointContainer#1-0-C-1] INFO  o.a.k.c.c.i.ConsumerCoordinator - [Consumer clientId=consumer-payment-return-group-2, groupId=payment-return-group] Requesting disconnect from last known coordinator localhost:9092 (id: 2147483646 rack: null)
2026-05-17 06:51:47 [org.springframework.kafka.KafkaListenerEndpointContainer#0-0-C-1] INFO  o.apache.kafka.clients.NetworkClient - [Consumer clientId=consumer-payment-group-1, groupId=payment-group] Node 2147483646 disconnected.
2026-05-17 06:51:47 [kafka-coordinator-heartbeat-thread | payment-group] INFO  o.a.k.c.c.i.ConsumerCoordinator - [Consumer clientId=consumer-payment-group-1, groupId=payment-group] Group coordinator localhost:9092 (id: 2147483646 rack: null) is unavailable or invalid due to cause: coordinator unavailable. isDisconnected: true. Rediscovery will be attempted.
2026-05-17 06:51:47 [org.springframework.kafka.KafkaListenerEndpointContainer#0-0-C-1] INFO  o.a.k.c.c.i.ConsumerCoordinator - [Consumer clientId=consumer-payment-group-1, groupId=payment-group] Discovered group coordinator localhost:9092 (id: 2147483646 rack: null)
2026-05-17 06:51:47 [org.springframework.kafka.KafkaListenerEndpointContainer#1-0-C-1] INFO  o.a.k.c.c.i.ConsumerCoordinator - [Consumer clientId=consumer-payment-return-group-2, groupId=payment-return-group] Discovered group coordinator localhost:9092 (id: 2147483646 rack: null)
2026-05-17 06:51:53 [HikariPool-1 housekeeper] WARN  com.zaxxer.hikari.pool.HikariPool - HikariPool-1 - Thread starvation or clock leap detected (housekeeper delta=8h14m59s107ms555µs400ns).
2026-05-17 06:55:57 [AsyncResolver-bootstrap-executor-%d] INFO  c.n.d.s.r.aws.ConfigClusterResolver - Resolving eureka endpoints via configuration
2026-05-17 07:00:57 [AsyncResolver-bootstrap-executor-%d] INFO  c.n.d.s.r.aws.ConfigClusterResolver - Resolving eureka endpoints via configuration
2026-05-17 07:05:57 [AsyncResolver-bootstrap-executor-%d] INFO  c.n.d.s.r.aws.ConfigClusterResolver - Resolving eureka endpoints via configuration
2026-05-17 07:10:57 [AsyncResolver-bootstrap-executor-%d] INFO  c.n.d.s.r.aws.ConfigClusterResolver - Resolving eureka endpoints via configuration
2026-05-17 07:13:53 [SpringApplicationShutdownHook] INFO  o.s.c.n.e.s.EurekaServiceRegistry - Unregistering application PAYMENT-SERVICE with eureka with status DOWN
2026-05-17 07:13:53 [SpringApplicationShutdownHook] INFO  c.netflix.discovery.DiscoveryClient - Saw local status change event StatusChangeEvent [timestamp=1778982233369, current=DOWN, previous=UP]
2026-05-17 07:13:53 [DiscoveryClient-InstanceInfoReplicator-%d] INFO  c.netflix.discovery.DiscoveryClient - DiscoveryClient_PAYMENT-SERVICE/localhost:Payment-service:9050: registering service...
2026-05-17 07:13:53 [org.springframework.kafka.KafkaListenerEndpointContainer#0-0-C-1] INFO  o.a.k.c.c.i.ConsumerRebalanceListenerInvoker - [Consumer clientId=consumer-payment-group-1, groupId=payment-group] Revoke previously assigned partitions inventory-reserved-topic-0, inventory-reserved-topic-1, inventory-reserved-topic-2
2026-05-17 07:13:53 [org.springframework.kafka.KafkaListenerEndpointContainer#1-0-C-1] INFO  o.a.k.c.c.i.ConsumerRebalanceListenerInvoker - [Consumer clientId=consumer-payment-return-group-2, groupId=payment-return-group] Revoke previously assigned partitions return-requested-topic-0
2026-05-17 07:13:53 [org.springframework.kafka.KafkaListenerEndpointContainer#1-0-C-1] INFO  o.s.k.l.KafkaMessageListenerContainer - payment-return-group: partitions revoked: [return-requested-topic-0]
2026-05-17 07:13:53 [org.springframework.kafka.KafkaListenerEndpointContainer#0-0-C-1] INFO  o.s.k.l.KafkaMessageListenerContainer - payment-group: partitions revoked: [inventory-reserved-topic-0, inventory-reserved-topic-1, inventory-reserved-topic-2]
2026-05-17 07:13:53 [org.springframework.kafka.KafkaListenerEndpointContainer#1-0-C-1] INFO  o.a.k.c.c.i.ConsumerCoordinator - [Consumer clientId=consumer-payment-return-group-2, groupId=payment-return-group] Member consumer-payment-return-group-2-2a592146-1bbf-42fa-aae6-46ccf55bf919 sending LeaveGroup request to coordinator localhost:9092 (id: 2147483646 rack: null) due to the consumer unsubscribed from all topics
2026-05-17 07:13:53 [org.springframework.kafka.KafkaListenerEndpointContainer#0-0-C-1] INFO  o.a.k.c.c.i.ConsumerCoordinator - [Consumer clientId=consumer-payment-group-1, groupId=payment-group] Member consumer-payment-group-1-e665efc9-bcf5-4f8f-8541-527b5c9fa24e sending LeaveGroup request to coordinator localhost:9092 (id: 2147483646 rack: null) due to the consumer unsubscribed from all topics
2026-05-17 07:13:53 [org.springframework.kafka.KafkaListenerEndpointContainer#1-0-C-1] INFO  o.a.k.c.c.i.ConsumerCoordinator - [Consumer clientId=consumer-payment-return-group-2, groupId=payment-return-group] Resetting generation and member id due to: consumer pro-actively leaving the group
2026-05-17 07:13:53 [org.springframework.kafka.KafkaListenerEndpointContainer#0-0-C-1] INFO  o.a.k.c.c.i.ConsumerCoordinator - [Consumer clientId=consumer-payment-group-1, groupId=payment-group] Resetting generation and member id due to: consumer pro-actively leaving the group
2026-05-17 07:13:53 [org.springframework.kafka.KafkaListenerEndpointContainer#1-0-C-1] INFO  o.a.k.c.c.i.ConsumerCoordinator - [Consumer clientId=consumer-payment-return-group-2, groupId=payment-return-group] Request joining group due to: consumer pro-actively leaving the group
2026-05-17 07:13:53 [org.springframework.kafka.KafkaListenerEndpointContainer#1-0-C-1] INFO  o.a.k.c.c.i.LegacyKafkaConsumer - [Consumer clientId=consumer-payment-return-group-2, groupId=payment-return-group] Unsubscribed all topics or patterns and assigned partitions
2026-05-17 07:13:53 [org.springframework.kafka.KafkaListenerEndpointContainer#0-0-C-1] INFO  o.a.k.c.c.i.ConsumerCoordinator - [Consumer clientId=consumer-payment-group-1, groupId=payment-group] Request joining group due to: consumer pro-actively leaving the group
2026-05-17 07:13:53 [org.springframework.kafka.KafkaListenerEndpointContainer#0-0-C-1] INFO  o.a.k.c.c.i.LegacyKafkaConsumer - [Consumer clientId=consumer-payment-group-1, groupId=payment-group] Unsubscribed all topics or patterns and assigned partitions
2026-05-17 07:13:53 [org.springframework.kafka.KafkaListenerEndpointContainer#0-0-C-1] INFO  o.a.k.c.c.i.ConsumerCoordinator - [Consumer clientId=consumer-payment-group-1, groupId=payment-group] Resetting generation and member id due to: consumer pro-actively leaving the group
2026-05-17 07:13:53 [org.springframework.kafka.KafkaListenerEndpointContainer#0-0-C-1] INFO  o.a.k.c.c.i.ConsumerCoordinator - [Consumer clientId=consumer-payment-group-1, groupId=payment-group] Request joining group due to: consumer pro-actively leaving the group
2026-05-17 07:13:53 [org.springframework.kafka.KafkaListenerEndpointContainer#1-0-C-1] INFO  o.a.k.c.c.i.ConsumerCoordinator - [Consumer clientId=consumer-payment-return-group-2, groupId=payment-return-group] Resetting generation and member id due to: consumer pro-actively leaving the group
2026-05-17 07:13:53 [org.springframework.kafka.KafkaListenerEndpointContainer#1-0-C-1] INFO  o.a.k.c.c.i.ConsumerCoordinator - [Consumer clientId=consumer-payment-return-group-2, groupId=payment-return-group] Request joining group due to: consumer pro-actively leaving the group
2026-05-17 07:13:53 [DiscoveryClient-InstanceInfoReplicator-%d] INFO  c.netflix.discovery.DiscoveryClient - DiscoveryClient_PAYMENT-SERVICE/localhost:Payment-service:9050 - registration status: 204
2026-05-17 07:13:53 [org.springframework.kafka.KafkaListenerEndpointContainer#1-0-C-1] INFO  o.a.kafka.common.metrics.Metrics - Metrics scheduler closed
2026-05-17 07:13:53 [org.springframework.kafka.KafkaListenerEndpointContainer#0-0-C-1] INFO  o.a.kafka.common.metrics.Metrics - Metrics scheduler closed
2026-05-17 07:13:53 [org.springframework.kafka.KafkaListenerEndpointContainer#1-0-C-1] INFO  o.a.kafka.common.metrics.Metrics - Closing reporter org.apache.kafka.common.metrics.JmxReporter
2026-05-17 07:13:53 [org.springframework.kafka.KafkaListenerEndpointContainer#0-0-C-1] INFO  o.a.kafka.common.metrics.Metrics - Closing reporter org.apache.kafka.common.metrics.JmxReporter
2026-05-17 07:13:53 [org.springframework.kafka.KafkaListenerEndpointContainer#1-0-C-1] INFO  o.a.kafka.common.metrics.Metrics - Closing reporter org.apache.kafka.common.telemetry.internals.ClientTelemetryReporter
2026-05-17 07:13:53 [org.springframework.kafka.KafkaListenerEndpointContainer#1-0-C-1] INFO  o.a.kafka.common.metrics.Metrics - Metrics reporters closed
2026-05-17 07:13:53 [org.springframework.kafka.KafkaListenerEndpointContainer#0-0-C-1] INFO  o.a.kafka.common.metrics.Metrics - Closing reporter org.apache.kafka.common.telemetry.internals.ClientTelemetryReporter
2026-05-17 07:13:53 [org.springframework.kafka.KafkaListenerEndpointContainer#0-0-C-1] INFO  o.a.kafka.common.metrics.Metrics - Metrics reporters closed
2026-05-17 07:13:53 [org.springframework.kafka.KafkaListenerEndpointContainer#1-0-C-1] INFO  o.a.kafka.common.utils.AppInfoParser - App info kafka.consumer for consumer-payment-return-group-2 unregistered
2026-05-17 07:13:53 [org.springframework.kafka.KafkaListenerEndpointContainer#0-0-C-1] INFO  o.a.kafka.common.utils.AppInfoParser - App info kafka.consumer for consumer-payment-group-1 unregistered
2026-05-17 07:13:53 [org.springframework.kafka.KafkaListenerEndpointContainer#1-0-C-1] INFO  o.s.k.l.KafkaMessageListenerContainer - payment-return-group: Consumer stopped
2026-05-17 07:13:53 [org.springframework.kafka.KafkaListenerEndpointContainer#0-0-C-1] INFO  o.s.k.l.KafkaMessageListenerContainer - payment-group: Consumer stopped
2026-05-17 07:13:53 [SpringApplicationShutdownHook] INFO  o.s.b.w.e.tomcat.GracefulShutdown - Commencing graceful shutdown. Waiting for active requests to complete
2026-05-17 07:13:53 [tomcat-shutdown] INFO  o.s.b.w.e.tomcat.GracefulShutdown - Graceful shutdown complete
2026-05-17 07:13:53 [SpringApplicationShutdownHook] INFO  o.s.o.j.LocalContainerEntityManagerFactoryBean - Closing JPA EntityManagerFactory for persistence unit 'default'
2026-05-17 07:13:53 [SpringApplicationShutdownHook] INFO  com.zaxxer.hikari.HikariDataSource - HikariPool-1 - Shutdown initiated...
2026-05-17 07:13:53 [SpringApplicationShutdownHook] INFO  com.zaxxer.hikari.HikariDataSource - HikariPool-1 - Shutdown completed.
2026-05-17 07:13:54 [SpringApplicationShutdownHook] INFO  c.netflix.discovery.DiscoveryClient - Shutting down DiscoveryClient ...
2026-05-17 07:13:57 [SpringApplicationShutdownHook] INFO  c.netflix.discovery.DiscoveryClient - Unregistering ...
2026-05-17 07:13:57 [SpringApplicationShutdownHook] INFO  c.netflix.discovery.DiscoveryClient - DiscoveryClient_PAYMENT-SERVICE/localhost:Payment-service:9050 - deregister  status: 200
2026-05-17 07:13:57 [SpringApplicationShutdownHook] INFO  c.netflix.discovery.DiscoveryClient - Completed shut down of DiscoveryClient
